<?xml version="1.0" encoding="UTF-8"?>
<!-- Generated by org.testng.reporters.JUnitReportReporter -->
<testsuite skipped="0" hostname="DESKTOP-C2KOF2B" name="assignment.DellWebsite_Test" tests="1" failures="0" timestamp="05 Apr 2020 17:39:39 GMT" time="38.302" errors="0">
  <testcase name="UserWillAbleToWorkInDellSite" time="38.302" classname="assignment.DellWebsite_Test"/>
</testsuite> <!-- assignment.DellWebsite_Test -->
