<?xml version="1.0" encoding="UTF-8"?>
<!-- Generated by org.testng.reporters.JUnitReportReporter -->
<testsuite skipped="0" hostname="DESKTOP-C2KOF2B" name="assignment.Corona_Test" tests="1" failures="0" timestamp="05 Apr 2020 18:21:51 GMT" time="15.009" errors="0">
  <testcase name="UserWillAbleToOpenTheSite" time="15.009" classname="assignment.Corona_Test"/>
</testsuite> <!-- assignment.Corona_Test -->
