<?xml version="1.0" encoding="UTF-8"?>
<!-- Generated by org.testng.reporters.JUnitReportReporter -->
<testsuite skipped="0" hostname="DESKTOP-C2KOF2B" name="assignment.Practice_Test" tests="1" failures="0" timestamp="18 Feb 2020 20:37:22 GMT" time="13.579" errors="0">
  <testcase name="UsersWillBeAbleToAddDeposit" time="13.579" classname="assignment.Practice_Test"/>
</testsuite> <!-- assignment.Practice_Test -->
