<?xml version="1.0" encoding="UTF-8"?>
<!-- Generated by org.testng.reporters.JUnitReportReporter -->
<testsuite skipped="0" hostname="DESKTOP-C2KOF2B" name="assignment.Practice_Two" tests="1" failures="0" timestamp="11 Mar 2020 16:45:01 GMT" time="11.180" errors="0">
  <testcase name="AddNewAccountOnTechfiosSite" time="11.180" classname="assignment.Practice_Two"/>
</testsuite> <!-- assignment.Practice_Two -->
