<?xml version="1.0" encoding="UTF-8"?>
<!-- Generated by org.testng.reporters.JUnitReportReporter -->
<testsuite skipped="0" hostname="DESKTOP-C2KOF2B" name="assignment.DellWebsite_Test" tests="1" failures="0" timestamp="20 Feb 2020 20:34:27 GMT" time="20.881" errors="0">
  <testcase name="UserWillAbleToWorkInDellSite" time="20.881" classname="assignment.DellWebsite_Test"/>
</testsuite> <!-- assignment.DellWebsite_Test -->
